SF:lib\app\modules\clientes\external\busca_cep_datasource.dart
DA:10,1
DA:12,0
DA:14,0
DA:16,0
DA:17,0
DA:18,0
DA:20,0
DA:21,0
LF:8
LH:1
end_of_record
SF:lib\app\modules\clientes\presentation\controllers\clientes_controller.dart
DA:17,2
DA:19,2
DA:37,2
DA:39,6
DA:42,1
DA:44,1
DA:45,2
DA:46,1
DA:47,1
DA:48,0
DA:49,0
DA:51,3
DA:52,3
DA:53,2
DA:54,2
DA:55,2
DA:56,2
DA:57,2
DA:58,4
DA:61,1
DA:63,3
DA:66,1
DA:68,3
DA:71,1
DA:73,3
DA:76,1
DA:78,3
DA:81,1
DA:83,3
DA:84,3
DA:87,1
DA:89,3
DA:90,3
DA:93,1
DA:95,3
DA:96,3
DA:99,1
DA:101,3
DA:104,1
DA:106,3
DA:109,1
DA:111,3
DA:114,1
DA:116,1
DA:117,4
DA:120,1
DA:122,3
DA:123,2
DA:126,0
DA:128,0
DA:129,0
DA:130,0
DA:132,0
DA:133,0
DA:137,1
DA:139,2
DA:140,2
LF:57
LH:49
end_of_record
SF:lib\app\modules\clientes\presentation\controllers\clientes_controller.g.dart
DA:12,1
DA:13,2
DA:15,1
DA:17,2
DA:18,1
DA:21,1
DA:23,4
DA:24,1
DA:28,1
DA:29,2
DA:31,1
DA:33,2
DA:34,1
DA:37,1
DA:39,4
DA:40,1
DA:44,1
DA:45,2
DA:47,1
DA:49,2
DA:50,1
DA:53,1
DA:55,4
DA:56,1
DA:60,1
DA:61,2
DA:63,0
DA:65,0
DA:66,0
DA:69,1
DA:71,4
DA:72,1
DA:76,2
DA:77,4
DA:79,1
DA:81,2
DA:82,1
DA:85,2
DA:87,8
DA:88,2
DA:92,4
DA:94,2
DA:96,2
DA:98,2
DA:99,6
DA:102,1
DA:103,2
DA:105,1
DA:107,4
DA:113,0
DA:115,0
DA:118,1
DA:119,2
DA:121,1
DA:123,2
DA:126,1
DA:128,2
DA:132,1
DA:134,2
DA:137,1
DA:139,2
DA:143,1
DA:145,2
DA:148,1
DA:150,2
DA:154,1
DA:156,2
DA:159,1
DA:161,2
DA:165,1
DA:167,2
DA:170,1
DA:172,2
DA:176,1
DA:178,2
DA:181,1
DA:183,2
DA:187,1
DA:189,2
DA:192,1
DA:194,2
DA:198,1
DA:200,2
DA:203,1
DA:205,2
DA:209,1
DA:211,2
DA:214,1
DA:216,2
DA:220,1
DA:222,2
DA:225,1
DA:227,2
DA:231,1
DA:233,2
DA:236,1
DA:238,2
DA:242,1
DA:244,2
DA:247,1
DA:249,2
DA:253,1
DA:255,2
DA:258,1
DA:260,2
DA:264,0
DA:267,0
DA:268,0
DA:269,0
DA:270,0
DA:271,0
DA:272,0
LF:112
LH:100
end_of_record
SF:lib\app\shared\services\estoque_options.dart
DA:3,4
DA:4,2
LF:2
LH:2
end_of_record
SF:lib\app\modules\clientes\presentation\ui\clientes_page.dart
DA:13,4
DA:15,0
DA:16,0
DA:22,0
DA:24,0
DA:25,0
DA:26,0
DA:30,0
DA:32,0
DA:34,0
DA:35,0
DA:36,0
DA:44,0
DA:45,0
DA:46,0
DA:47,0
DA:52,0
DA:53,0
DA:54,0
DA:61,0
DA:62,0
DA:63,0
DA:66,0
DA:68,0
DA:69,0
DA:71,0
DA:85,0
DA:89,0
DA:90,0
DA:93,0
DA:95,0
DA:97,0
DA:100,0
DA:101,0
DA:103,0
DA:106,0
DA:107,0
DA:110,0
DA:113,0
DA:114,0
DA:117,0
DA:120,0
DA:121,0
DA:125,0
DA:128,0
DA:129,0
DA:132,0
DA:135,0
DA:136,0
DA:139,0
DA:142,0
DA:143,0
DA:146,0
DA:149,0
DA:150,0
DA:159,0
DA:163,0
DA:164,0
DA:167,0
DA:168,0
DA:172,0
DA:175,0
DA:176,0
DA:177,0
DA:178,0
DA:181,0
DA:182,0
DA:183,0
DA:192,0
DA:196,0
DA:199,0
DA:202,0
DA:206,0
DA:210,0
DA:213,0
DA:217,0
DA:220,0
DA:224,0
DA:227,0
DA:230,0
DA:231,0
DA:235,0
DA:237,0
DA:238,0
DA:239,0
DA:241,0
DA:244,0
DA:245,0
DA:246,0
DA:248,0
DA:250,0
DA:260,0
DA:263,0
DA:264,0
DA:265,0
DA:280,0
DA:281,0
DA:283,0
DA:284,0
DA:287,0
DA:289,0
DA:290,0
DA:293,0
DA:294,0
DA:297,0
DA:300,0
DA:301,0
DA:302,0
DA:304,0
DA:305,0
DA:308,0
DA:310,0
DA:311,0
DA:312,0
DA:313,0
DA:314,0
DA:317,0
DA:318,0
DA:319,0
DA:321,0
DA:323,0
DA:328,0
DA:331,0
DA:332,0
DA:336,0
DA:337,0
DA:338,0
DA:339,0
DA:340,0
DA:347,0
DA:350,0
DA:351,0
LF:132
LH:1
end_of_record
SF:lib\app\modules\clientes\infra\model\clientes_model.dart
DA:16,2
DA:28,2
DA:29,2
DA:30,2
DA:36,2
DA:49,1
DA:59,1
DA:60,1
DA:61,1
DA:62,1
DA:63,1
DA:64,1
DA:65,1
DA:66,1
DA:67,1
DA:71,0
DA:72,0
DA:73,0
DA:74,0
DA:75,0
DA:76,0
DA:77,0
DA:78,0
DA:79,0
DA:80,0
DA:81,0
DA:85,0
DA:86,0
DA:87,0
DA:88,0
DA:89,0
DA:90,0
DA:91,0
DA:92,0
DA:93,0
DA:94,0
DA:95,0
DA:99,0
DA:101,0
DA:102,0
LF:40
LH:15
end_of_record
SF:lib\app\modules\clientes\infra\model\resultado_busca_cep_model.dart
DA:8,2
DA:16,0
DA:17,0
DA:18,0
DA:19,0
DA:20,0
DA:21,0
DA:22,0
DA:25,0
DA:26,0
DA:27,0
DA:28,0
DA:29,0
DA:30,0
DA:33,2
DA:34,2
DA:43,1
DA:50,1
DA:51,0
DA:52,1
DA:53,1
DA:54,1
DA:55,1
LF:23
LH:9
end_of_record
SF:lib\app\modules\clientes\external\clientes_datasource_impl.dart
DA:10,1
DA:33,0
DA:36,0
DA:39,0
DA:42,0
DA:45,1
DA:48,2
LF:7
LH:3
end_of_record
SF:lib\app\modules\clientes\infra\model\endereco_model.dart
DA:12,2
DA:21,2
DA:22,2
DA:32,1
DA:41,1
DA:42,1
DA:43,1
DA:44,1
DA:45,1
DA:46,1
DA:47,1
DA:48,1
DA:52,0
DA:53,0
DA:54,0
DA:55,0
DA:56,0
DA:57,0
DA:58,0
DA:59,0
DA:60,0
DA:64,0
DA:65,0
DA:66,0
DA:67,0
DA:68,0
DA:69,0
DA:70,0
DA:71,0
DA:72,0
DA:76,0
DA:78,0
DA:79,0
LF:33
LH:12
end_of_record
SF:lib\app\modules\clientes\infra\repositories\clientes_repository_impl.dart
DA:9,1
DA:11,0
DA:13,0
DA:16,0
DA:18,0
DA:21,1
DA:23,2
LF:7
LH:3
end_of_record
SF:lib\app\shared\widgets\dialogs\custom_alert_dialog.dart
DA:10,32
DA:16,0
DA:18,0
DA:20,0
DA:21,0
DA:24,0
DA:27,0
DA:28,0
DA:29,0
DA:30,0
LF:10
LH:1
end_of_record
SF:lib\app\shared\widgets\fields\drop_down_field_custom_widget.dart
DA:11,0
DA:19,0
DA:21,0
DA:23,0
DA:24,0
DA:25,0
DA:26,0
DA:27,0
DA:28,0
DA:33,0
DA:35,0
DA:36,0
DA:40,0
DA:41,0
LF:14
LH:0
end_of_record
SF:lib\app\shared\widgets\fields\text_form_field_custom_widget.dart
DA:15,0
DA:25,0
DA:27,0
DA:29,0
DA:33,0
DA:35,0
DA:36,0
DA:38,0
DA:39,0
DA:41,0
DA:42,0
DA:43,0
DA:45,0
DA:46,0
DA:51,0
DA:52,0
DA:54,0
DA:56,0
DA:57,0
DA:58,0
DA:59,0
DA:60,0
DA:61,0
DA:62,0
DA:65,0
DA:66,0
DA:67,0
DA:68,0
DA:69,0
DA:70,0
DA:71,0
DA:72,0
DA:74,0
DA:75,0
DA:79,0
DA:80,0
LF:36
LH:0
end_of_record
SF:lib\app\shared\widgets\buttons\form_button_widget.dart
DA:8,0
DA:14,0
DA:16,0
DA:18,0
DA:20,0
DA:21,0
DA:22,0
DA:26,0
DA:27,0
DA:31,0
DA:32,0
LF:11
LH:0
end_of_record
SF:lib\app\modules\estoque\infra\model\estoque_model.dart
DA:12,2
DA:22,2
DA:23,2
DA:34,1
DA:42,1
DA:43,1
DA:44,1
DA:45,1
DA:46,1
DA:47,1
DA:48,1
DA:52,0
DA:53,0
DA:54,0
DA:55,0
DA:56,0
DA:57,0
DA:58,0
DA:59,0
DA:60,0
DA:64,0
DA:65,0
DA:66,0
DA:67,0
DA:68,0
DA:69,0
DA:70,0
DA:71,0
DA:72,0
DA:76,0
DA:78,0
DA:79,0
LF:32
LH:11
end_of_record
SF:lib\app\modules\estoque\presentation\controllers\estoque_controller.dart
DA:11,2
DA:12,2
DA:21,2
DA:23,6
DA:26,1
DA:28,3
DA:31,1
DA:33,3
DA:36,1
DA:38,3
DA:41,1
DA:43,3
DA:46,1
DA:48,3
DA:51,1
DA:53,3
DA:56,1
DA:58,1
DA:59,5
DA:62,0
DA:64,0
DA:67,0
DA:69,0
DA:70,0
DA:72,0
DA:73,0
DA:77,1
DA:79,2
LF:28
LH:21
end_of_record
SF:lib\app\modules\estoque\presentation\controllers\estoque_controller.g.dart
DA:12,2
DA:13,4
DA:15,1
DA:17,2
DA:18,1
DA:21,2
DA:23,8
DA:24,2
DA:28,1
DA:29,2
DA:31,1
DA:33,2
DA:34,1
DA:37,1
DA:39,4
DA:40,1
DA:44,2
DA:45,4
DA:47,2
DA:49,8
DA:55,0
DA:57,0
DA:60,1
DA:61,2
DA:63,1
DA:65,2
DA:68,1
DA:70,2
DA:74,1
DA:76,2
DA:79,1
DA:81,2
DA:85,1
DA:87,2
DA:90,1
DA:92,2
DA:96,1
DA:98,2
DA:101,1
DA:103,2
DA:107,1
DA:109,2
DA:112,1
DA:114,2
DA:118,1
DA:120,2
DA:123,1
DA:125,2
DA:129,1
DA:131,2
DA:134,1
DA:136,2
DA:140,0
DA:142,0
DA:145,0
DA:147,0
DA:151,1
DA:153,2
DA:156,1
DA:158,2
DA:162,0
DA:165,0
DA:166,0
DA:167,0
LF:64
LH:54
end_of_record
SF:lib\app\modules\estoque\presentation\ui\estoque\estoque_page.dart
DA:12,4
DA:14,0
DA:15,0
DA:20,0
DA:22,0
DA:23,0
DA:24,0
DA:28,0
DA:30,0
DA:32,0
DA:33,0
DA:34,0
DA:42,0
DA:43,0
DA:44,0
DA:45,0
DA:50,0
DA:51,0
DA:52,0
DA:59,0
DA:60,0
DA:61,0
DA:64,0
DA:66,0
DA:67,0
DA:69,0
DA:83,0
DA:87,0
DA:88,0
DA:91,0
DA:93,0
DA:95,0
DA:98,0
DA:99,0
DA:101,0
DA:105,0
DA:106,0
DA:107,0
DA:110,0
DA:112,0
DA:114,0
DA:118,0
DA:119,0
DA:120,0
DA:123,0
DA:125,0
DA:127,0
DA:131,0
DA:132,0
DA:133,0
DA:135,0
DA:137,0
DA:139,0
DA:143,0
DA:145,0
DA:146,0
DA:147,0
DA:148,0
DA:150,0
DA:152,0
DA:156,0
DA:158,0
DA:159,0
DA:160,0
DA:162,0
DA:165,0
DA:166,0
DA:167,0
DA:169,0
DA:171,0
DA:181,0
DA:184,0
DA:185,0
DA:186,0
DA:201,0
DA:202,0
DA:204,0
DA:205,0
DA:208,0
DA:210,0
DA:211,0
DA:214,0
DA:215,0
DA:218,0
DA:221,0
DA:222,0
DA:223,0
DA:225,0
DA:226,0
DA:229,0
DA:231,0
DA:232,0
DA:233,0
DA:234,0
DA:235,0
DA:238,0
DA:239,0
DA:240,0
DA:242,0
DA:244,0
DA:249,0
DA:252,0
DA:253,0
DA:257,0
DA:258,0
DA:259,0
DA:260,0
DA:261,0
DA:265,0
DA:268,0
DA:269,0
LF:111
LH:1
end_of_record
SF:lib\app\modules\estoque\external\estoque_datasource_impl.dart
DA:9,1
DA:32,0
DA:35,0
DA:38,0
DA:41,0
DA:44,1
DA:47,2
LF:7
LH:3
end_of_record
SF:lib\app\modules\estoque\infra\repositories\estoque_repository_impl.dart
DA:8,1
DA:10,0
DA:12,0
DA:15,0
DA:17,0
DA:20,1
DA:22,2
LF:7
LH:3
end_of_record
SF:lib\app\modules\home\home_page.dart
DA:4,4
DA:6,0
LF:2
LH:1
end_of_record
SF:lib\app\shared\widgets\vertical-appbar\controller\appbar_controller.g.dart
DA:15,0
DA:17,0
DA:18,0
DA:21,0
DA:23,0
DA:24,0
DA:31,0
DA:33,0
DA:36,0
DA:39,0
DA:40,0
LF:11
LH:0
end_of_record
SF:lib\app\shared\widgets\vertical-appbar\controller\appbar_controller.dart
DA:11,0
DA:13,0
LF:2
LH:0
end_of_record
SF:lib\app\modules\vendas\external\orcamento_datasource_impl.dart
DA:13,0
DA:51,0
DA:53,0
DA:56,0
DA:58,0
LF:5
LH:0
end_of_record
SF:lib\app\modules\vendas\external\vendas_datasource_impl.dart
DA:13,0
DA:52,0
DA:54,0
DA:57,0
DA:59,0
LF:5
LH:0
end_of_record
SF:lib\app\modules\vendas\infra\repositories\orcamento_repository_impl.dart
DA:9,0
DA:11,0
DA:13,0
DA:16,0
DA:18,0
LF:5
LH:0
end_of_record
SF:lib\app\modules\vendas\infra\repositories\vendas_repository_impl.dart
DA:8,0
DA:10,0
DA:12,0
DA:15,0
DA:17,0
LF:5
LH:0
end_of_record
SF:lib\app\modules\landing\landing_page.dart
DA:6,4
DA:8,0
DA:10,0
DA:11,0
LF:4
LH:1
end_of_record
SF:lib\app\shared\widgets\vertical-appbar\vertical_appbar_widget.dart
DA:9,4
DA:10,0
DA:12,0
DA:13,0
DA:14,0
DA:16,0
DA:18,0
DA:20,0
DA:21,0
DA:23,0
DA:26,0
DA:27,0
DA:28,0
DA:34,0
DA:36,0
DA:38,0
DA:39,0
DA:40,0
DA:47,0
DA:49,0
DA:51,0
DA:52,0
DA:53,0
DA:60,0
DA:62,0
DA:64,0
DA:65,0
DA:66,0
DA:73,0
DA:75,0
DA:77,0
DA:78,0
DA:79,0
LF:33
LH:1
end_of_record
SF:lib\app\modules\relatorios\presentation\controllers\estoque\relatorios_estoque_controller.dart
DA:14,0
DA:15,0
DA:21,0
DA:23,0
LF:4
LH:0
end_of_record
SF:lib\app\modules\relatorios\presentation\controllers\estoque\relatorios_estoque_controller.g.dart
DA:16,0
DA:18,0
DA:19,0
DA:22,0
DA:24,0
DA:25,0
DA:33,0
DA:35,0
DA:38,0
DA:41,0
DA:42,0
LF:11
LH:0
end_of_record
SF:lib\app\modules\relatorios\presentation\controllers\orcamento\relatorios_orcamento_controller.g.dart
DA:17,0
DA:19,0
DA:20,0
DA:23,0
DA:25,0
DA:26,0
DA:34,0
DA:36,0
DA:37,0
DA:40,0
DA:42,0
DA:43,0
DA:44,0
DA:52,0
DA:54,0
DA:55,0
DA:62,0
DA:65,0
DA:68,0
DA:70,0
DA:71,0
DA:75,0
DA:77,0
DA:78,0
DA:80,0
DA:82,0
DA:83,0
DA:87,0
DA:90,0
DA:91,0
DA:92,0
LF:31
LH:0
end_of_record
SF:lib\app\modules\relatorios\presentation\controllers\orcamento\relatorios_orcamento_controller.dart
DA:15,0
DA:16,0
DA:25,0
DA:27,0
DA:28,0
DA:29,0
DA:31,0
DA:34,0
DA:36,0
DA:37,0
DA:38,0
DA:41,0
DA:43,0
DA:44,0
LF:14
LH:0
end_of_record
SF:lib\app\modules\vendas\infra\model\vendas_model.dart
DA:12,0
DA:18,0
DA:19,0
DA:20,0
DA:21,0
DA:27,0
DA:33,0
DA:34,0
DA:35,0
DA:36,0
DA:37,0
LF:11
LH:0
end_of_record
SF:lib\app\modules\vendas\infra\model\vendas_panel_model.dart
DA:7,0
DA:9,0
DA:10,0
DA:13,0
LF:4
LH:0
end_of_record
SF:lib\app\modules\relatorios\presentation\controllers\vendas\relatorios_vendas_controller.dart
DA:15,0
DA:16,0
DA:25,0
DA:27,0
DA:28,0
DA:29,0
DA:31,0
DA:34,0
DA:36,0
DA:37,0
DA:38,0
DA:41,0
DA:43,0
DA:44,0
LF:14
LH:0
end_of_record
SF:lib\app\modules\relatorios\presentation\controllers\vendas\relatorios_vendas_controller.g.dart
DA:15,0
DA:17,0
DA:18,0
DA:21,0
DA:23,0
DA:24,0
DA:32,0
DA:34,0
DA:35,0
DA:38,0
DA:40,0
DA:41,0
DA:49,0
DA:51,0
DA:58,0
DA:60,0
DA:61,0
DA:63,0
DA:65,0
DA:69,0
DA:71,0
DA:72,0
DA:74,0
DA:76,0
DA:80,0
DA:83,0
DA:84,0
DA:85,0
LF:28
LH:0
end_of_record
SF:lib\app\modules\relatorios\presentation\ui\pages\estoque\relatorio_estoque_page.dart
DA:10,4
DA:12,0
DA:14,0
DA:15,0
DA:16,0
DA:17,0
DA:19,0
DA:21,0
DA:29,0
DA:91,0
DA:92,0
DA:93,0
DA:100,0
DA:101,0
DA:102,0
DA:103,0
DA:104,0
DA:105,0
DA:108,0
DA:111,0
DA:112,0
DA:113,0
DA:114,0
DA:115,0
DA:122,0
DA:123,0
DA:124,0
DA:125,0
DA:126,0
DA:133,0
DA:134,0
DA:135,0
DA:136,0
DA:137,0
DA:143,0
DA:144,0
DA:145,0
DA:146,0
DA:147,0
DA:153,0
DA:154,0
DA:155,0
DA:161,0
DA:162,0
DA:163,0
DA:164,0
DA:182,0
DA:184,0
DA:187,0
DA:188,0
DA:190,0
LF:51
LH:1
end_of_record
SF:lib\app\modules\relatorios\presentation\ui\pages\orcamento\relatorio_orcamento_page.dart
DA:11,4
DA:13,0
DA:15,0
DA:16,0
DA:17,0
DA:18,0
DA:20,0
DA:22,0
DA:30,0
DA:31,0
DA:32,0
DA:34,0
DA:35,0
DA:37,0
DA:39,0
DA:41,0
DA:42,0
DA:43,0
DA:44,0
DA:45,0
DA:52,0
DA:54,0
DA:57,0
DA:58,0
DA:60,0
LF:25
LH:1
end_of_record
SF:lib\app\modules\relatorios\presentation\ui\pages\widgets\venda_card_widget.dart
DA:12,0
DA:19,0
DA:21,0
DA:23,0
DA:25,0
DA:28,0
DA:29,0
DA:31,0
DA:32,0
DA:35,0
DA:36,0
DA:38,0
DA:39,0
DA:47,0
DA:49,0
DA:52,0
DA:53,0
DA:54,0
DA:92,0
DA:99,0
DA:100,0
DA:102,0
DA:103,0
DA:104,0
DA:105,0
DA:108,0
DA:111,0
DA:112,0
DA:113,0
DA:114,0
DA:115,0
DA:122,0
DA:123,0
DA:124,0
DA:125,0
DA:126,0
DA:133,0
DA:134,0
DA:135,0
DA:154,0
DA:157,0
DA:166,0
DA:167,0
DA:168,0
DA:169,0
DA:177,0
DA:178,0
DA:179,0
DA:191,0
DA:192,0
LF:50
LH:0
end_of_record
SF:lib\app\modules\relatorios\presentation\ui\pages\relatorios_page.dart
DA:8,4
DA:10,0
DA:12,0
DA:13,0
DA:14,0
DA:15,0
DA:20,0
DA:21,0
DA:22,0
DA:29,0
DA:30,0
DA:31,0
DA:33,0
DA:34,0
DA:35,0
LF:15
LH:1
end_of_record
SF:lib\app\modules\relatorios\presentation\ui\pages\vendas\relatorio_vendas_page.dart
DA:11,4
DA:13,0
DA:15,0
DA:16,0
DA:17,0
DA:18,0
DA:20,0
DA:22,0
DA:30,0
DA:31,0
DA:32,0
DA:34,0
DA:35,0
DA:37,0
DA:39,0
DA:41,0
DA:42,0
DA:43,0
DA:44,0
DA:45,0
DA:52,0
DA:54,0
DA:57,0
DA:58,0
DA:60,0
LF:25
LH:1
end_of_record
SF:lib\app\modules\vendas\domain\infra\tipo_pagamento_enum.dart
DA:4,0
DA:6,0
DA:9,0
DA:12,0
DA:15,0
DA:18,0
LF:6
LH:0
end_of_record
SF:lib\app\modules\vendas\infra\model\estoque_venda_model.dart
DA:8,0
DA:11,0
DA:12,0
DA:13,0
DA:19,0
DA:24,0
DA:25,0
DA:26,0
DA:27,0
LF:9
LH:0
end_of_record
SF:lib\app\modules\vendas\presentation\controllers\vendas_controller.dart
DA:23,0
DA:29,0
DA:44,0
DA:46,0
DA:47,0
DA:50,0
DA:52,0
DA:55,0
DA:57,0
DA:60,0
DA:62,0
DA:65,0
DA:67,0
DA:70,0
DA:72,0
DA:75,0
DA:77,0
DA:78,0
DA:81,0
DA:84,0
DA:85,0
DA:90,0
DA:92,0
DA:93,0
DA:94,0
DA:95,0
DA:96,0
DA:97,0
DA:101,0
DA:103,0
DA:104,0
DA:105,0
DA:108,0
DA:110,0
DA:111,0
DA:114,0
DA:116,0
DA:117,0
LF:38
LH:0
end_of_record
SF:lib\app\modules\vendas\presentation\controllers\vendas_controller.g.dart
DA:14,0
DA:16,0
DA:18,0
DA:23,0
DA:25,0
DA:26,0
DA:29,0
DA:31,0
DA:32,0
DA:39,0
DA:41,0
DA:42,0
DA:45,0
DA:47,0
DA:48,0
DA:55,0
DA:57,0
DA:58,0
DA:61,0
DA:63,0
DA:64,0
DA:65,0
DA:72,0
DA:74,0
DA:75,0
DA:78,0
DA:80,0
DA:81,0
DA:82,0
DA:89,0
DA:91,0
DA:97,0
DA:99,0
DA:100,0
DA:106,0
DA:108,0
DA:114,0
DA:116,0
DA:119,0
DA:121,0
DA:125,0
DA:127,0
DA:130,0
DA:132,0
DA:136,0
DA:138,0
DA:141,0
DA:143,0
DA:147,0
DA:149,0
DA:152,0
DA:154,0
DA:158,0
DA:160,0
DA:163,0
DA:165,0
DA:169,0
DA:171,0
DA:174,0
DA:176,0
DA:180,0
DA:182,0
DA:185,0
DA:187,0
DA:191,0
DA:193,0
DA:196,0
DA:198,0
DA:202,0
DA:205,0
DA:206,0
DA:207,0
DA:208,0
DA:209,0
DA:210,0
LF:75
LH:0
end_of_record
SF:lib\app\modules\vendas\presentation\ui\pages\selecao_cliente_page.dart
DA:12,4
DA:14,0
DA:16,0
DA:17,0
DA:18,0
DA:19,0
DA:20,0
DA:21,0
DA:26,0
DA:27,0
DA:28,0
DA:35,0
DA:36,0
DA:37,0
DA:39,0
DA:40,0
DA:41,0
DA:43,0
DA:58,0
DA:60,0
DA:61,0
DA:63,0
DA:64,0
DA:65,0
DA:67,0
DA:69,0
DA:74,0
DA:76,0
DA:79,0
DA:80,0
DA:81,0
DA:83,0
DA:85,0
LF:33
LH:1
end_of_record
SF:lib\app\modules\vendas\presentation\ui\pages\selecao_pagamento_page.dart
DA:12,4
DA:14,0
DA:16,0
DA:17,0
DA:18,0
DA:19,0
DA:20,0
DA:21,0
DA:26,0
DA:27,0
DA:28,0
DA:35,0
DA:36,0
DA:37,0
DA:39,0
DA:40,0
DA:41,0
DA:43,0
DA:58,0
DA:60,0
DA:61,0
DA:64,0
DA:65,0
DA:67,0
DA:69,0
DA:74,0
DA:76,0
DA:79,0
DA:80,0
DA:81,0
DA:82,0
DA:84,0
DA:91,0
DA:93,0
DA:95,0
LF:35
LH:1
end_of_record
SF:lib\app\modules\vendas\presentation\ui\pages\vendas_page.dart
DA:13,4
DA:15,0
DA:17,0
DA:18,0
DA:19,0
DA:20,0
DA:21,0
DA:22,0
DA:27,0
DA:28,0
DA:29,0
DA:36,0
DA:37,0
DA:38,0
DA:40,0
DA:42,0
DA:50,0
DA:52,0
DA:64,0
DA:65,0
DA:82,0
DA:83,0
DA:84,0
DA:85,0
DA:86,0
DA:88,0
DA:89,0
DA:91,0
DA:92,0
DA:93,0
DA:94,0
DA:95,0
DA:97,0
DA:98,0
DA:99,0
DA:101,0
DA:103,0
DA:105,0
DA:107,0
DA:108,0
DA:109,0
DA:111,0
DA:113,0
DA:116,0
DA:117,0
DA:119,0
DA:120,0
DA:125,0
DA:126,0
DA:127,0
DA:132,0
DA:133,0
DA:134,0
DA:137,0
DA:139,0
DA:148,0
DA:150,0
DA:152,0
DA:153,0
DA:154,0
DA:155,0
DA:156,0
DA:157,0
DA:158,0
DA:159,0
DA:161,0
DA:162,0
DA:167,0
DA:168,0
DA:169,0
DA:174,0
DA:175,0
DA:176,0
DA:179,0
DA:181,0
DA:195,0
DA:197,0
DA:198,0
DA:199,0
DA:200,0
DA:208,0
DA:211,0
DA:212,0
DA:213,0
DA:215,0
DA:221,0
DA:222,0
DA:224,0
DA:231,0
DA:238,0
DA:241,0
DA:242,0
DA:243,0
DA:245,0
DA:250,0
DA:251,0
DA:253,0
DA:260,0
LF:98
LH:1
end_of_record
SF:lib\app\modules\vendas\presentation\ui\widgets\rows\row_editavel_widget.dart
DA:14,0
DA:24,0
DA:26,0
DA:28,0
DA:29,0
DA:30,0
DA:34,0
DA:35,0
DA:37,0
DA:39,0
DA:45,0
DA:46,0
DA:50,0
LF:13
LH:0
end_of_record
SF:lib\app\modules\vendas\presentation\ui\widgets\rows\row_estatica_widget.dart
DA:8,0
DA:15,0
DA:17,0
DA:18,0
DA:19,0
DA:21,0
DA:22,0
DA:29,0
DA:30,0
DA:31,0
DA:32,0
DA:39,0
DA:40,0
DA:44,0
LF:14
LH:0
end_of_record
SF:lib\app\shared\widgets\vertical-appbar\appbar_button_widget.dart
DA:9,0
DA:16,0
DA:18,0
DA:20,0
DA:21,0
DA:22,0
DA:23,0
DA:24,0
DA:25,0
DA:26,0
DA:29,0
DA:30,0
DA:31,0
DA:33,0
LF:14
LH:0
end_of_record
SF:lib\app\modules\clientes\clientes_module.dart
DA:10,4
DA:11,3
DA:18,0
LF:3
LH:2
end_of_record
SF:lib\app\app_module.dart
DA:8,6
LF:1
LH:1
end_of_record
SF:lib\app\modules\landing\landing_module.dart
DA:30,0
DA:32,3
DA:34,3
DA:36,0
DA:38,0
DA:40,0
DA:42,0
DA:44,3
DA:46,3
DA:52,0
LF:10
LH:4
end_of_record
SF:lib\app\modules\estoque\estoque_module.dart
DA:8,3
DA:15,0
LF:2
LH:1
end_of_record
SF:lib\app\modules\home\home_module.dart
DA:13,0
LF:1
LH:0
end_of_record
SF:lib\app\modules\vendas\vendas_module.dart
DA:11,0
DA:12,0
DA:13,0
DA:14,0
DA:15,0
DA:24,0
DA:28,0
DA:32,0
LF:8
LH:0
end_of_record
SF:lib\app\modules\relatorios\relatorios_module.dart
DA:11,0
DA:13,0
DA:15,0
DA:22,0
LF:4
LH:0
end_of_record
